<?xml version="1.0" encoding="UTF-8"?>
<testExecutions version="1">
    <file path="/data/home/ubuntu/Desktop/zoomnotary-401615-react/src/packages/blocks/requestmanagement/__tests__/step-definitions/SentRequest.steps.tsx">
    </file>
    <file path="/data/home/ubuntu/Desktop/zoomnotary-401615-react/src/packages/blocks/requestmanagement/__tests__/step-definitions/RequestDetails.steps.tsx">
        <testCase name="RequestDetails User navigates to RequestDetails" duration="465"/>
    </file>
    <file path="/data/home/ubuntu/Desktop/zoomnotary-401615-react/src/packages/blocks/requestmanagement/__tests__/step-definitions/PaymentOptions.steps.tsx">
        <testCase name="PaymentOptions User navigates to PaymentOptions" duration="462"/>
    </file>
    <file path="/data/home/ubuntu/Desktop/zoomnotary-401615-react/src/packages/blocks/requestmanagement/__tests__/step-definitions/RequestManagement.steps.tsx">
        <testCase name="RequestManagement User navigates to RequestManagement" duration="559">
            <failure message="Error: expect(jest.fn()).toBeCalledWith(...expected)"><![CDATA[Error: expect(jest.fn()).toBeCalledWith(...expected)

Expected: "RestAPIRequestMessage", ObjectContaining {"id": "RestAPIRequestMessage", "initializeFromObject": Any<Function>, "messageId": Any<String>, "properties": {"RestAPIRequestHeaderMessage": Any<String>, "RestAPIRequestMethodMessage": "GET", "RestAPIResponceEndPointMessage": "request_management/requests/received"}}
Received
       1: "RestAPIRequestMessage", {"id": "RestAPIRequestMessage", "initializeFromObject": [Function anonymous], "messageId": "2f9e6702-7ba4-472b-a016-3ed7656626db", "properties": {"RestAPIRequestHeaderMessage": "{\"Content-Type\":\"application/json\",\"token\":\"1\"}", "RestAPIRequestMethodMessage": "GET", "RestAPIResponceEndPointMessage": "bx_block_profile/profiles/get_profile"}}
       2: "RestAPIRequestMessage", {"id": "RestAPIRequestMessage", "initializeFromObject": [Function anonymous], "messageId": "ed83ebc6-4030-4860-81f1-14c072815479", "properties": {"RestAPIRequestHeaderMessage": "{\"Content-Type\":\"application/json\",\"token\":\"1\"}", "RestAPIRequestMethodMessage": "GET", "RestAPIResponceEndPointMessage": "bx_block_landing_page/admin_landing_pages/get_services"}}
       3: "RestAPIRequestMessage", {"id": "RestAPIRequestMessage", "initializeFromObject": [Function anonymous], "messageId": "4a67ca74-d08c-4a44-b373-f954a1a81aaf", "properties": {"RestAPIRequestHeaderMessage": "{\"Content-Type\":\"application/json\",\"token\":\"2\"}", "RestAPIRequestMethodMessage": "GET", "RestAPIResponceEndPointMessage": "bx_block_landing_page/admin_landing_pages/get_services"}}

Number of calls: 5
    at Object.stepFunction (/data/home/ubuntu/Desktop/zoomnotary-401615-react/src/packages/blocks/requestmanagement/__tests__/step-definitions/RequestManagement.steps.tsx:110:37)
    at /data/home/ubuntu/Desktop/zoomnotary-401615-react/src/packages/blocks/requestmanagement/node_modules/jest-cucumber/src/feature-definition-creation.ts:132:65
    at tryCallOne (/data/home/ubuntu/Desktop/zoomnotary-401615-react/src/node_modules/react-native/node_modules/promise/lib/core.js:37:12)
    at /data/home/ubuntu/Desktop/zoomnotary-401615-react/src/node_modules/react-native/node_modules/promise/lib/core.js:123:15
    at flush (/data/home/ubuntu/Desktop/zoomnotary-401615-react/src/node_modules/asap/raw.js:50:29)
    at processTicksAndRejections (node:internal/process/task_queues:78:11)]]></failure>
        </testCase>
    </file>
    <file path="/data/home/ubuntu/Desktop/zoomnotary-401615-react/src/packages/blocks/requestmanagement/__tests__/step-definitions/SentRequest.web.steps.tsx">
        <testCase name="SentRequest User navigates to SentRequest" duration="115"/>
    </file>
    <file path="/data/home/ubuntu/Desktop/zoomnotary-401615-react/src/packages/blocks/requestmanagement/__tests__/step-definitions/PaymentOptions.web.steps.tsx">
        <testCase name="PaymentOptions User navigates to PaymentOptions" duration="37"/>
    </file>
    <file path="/data/home/ubuntu/Desktop/zoomnotary-401615-react/src/packages/blocks/requestmanagement/__tests__/step-definitions/RequestDetails.web.steps.tsx">
        <testCase name="RequestDetailsWeb User navigates to RequestDetailsWeb" duration="1832"/>
    </file>
    <file path="/data/home/ubuntu/Desktop/zoomnotary-401615-react/src/packages/blocks/requestmanagement/__tests__/step-definitions/RequestManagement.web.steps.tsx">
        <testCase name="RequestManagement User navigates to RequestManagement" duration="419">
            <failure message="Error: expect(jest.fn()).toHaveBeenCalled()"><![CDATA[Error: expect(jest.fn()).toHaveBeenCalled()

Expected number of calls: >= 1
Received number of calls:    0
    at Object.stepFunction (/data/home/ubuntu/Desktop/zoomnotary-401615-react/src/packages/blocks/requestmanagement/__tests__/step-definitions/RequestManagement.web.steps.tsx:896:47)
    at /data/home/ubuntu/Desktop/zoomnotary-401615-react/src/packages/blocks/requestmanagement/node_modules/jest-cucumber/src/feature-definition-creation.ts:132:65
    at tryCallOne (/data/home/ubuntu/Desktop/zoomnotary-401615-react/src/node_modules/react-native/node_modules/promise/lib/core.js:37:12)
    at /data/home/ubuntu/Desktop/zoomnotary-401615-react/src/node_modules/react-native/node_modules/promise/lib/core.js:123:15
    at flush (/data/home/ubuntu/Desktop/zoomnotary-401615-react/src/node_modules/asap/raw.js:50:29)
    at processTicksAndRejections (node:internal/process/task_queues:78:11)]]></failure>
        </testCase>
        <testCase name="RequestManagement User navigates to RequestManagement and open filter popup" duration="321"/>
        <testCase name="RequestManagement User views the empty state in RequestManagement" duration="60"/>
    </file>
</testExecutions>